<?xml version="1.0" encoding="utf-8"?><testsuites name="pytest tests"><testsuite name="pytest" errors="0" failures="0" skipped="1" tests="26" time="1.759" timestamp="2025-09-10T11:34:42.401195+01:00" hostname="Megan"><testcase classname="tests.api.test_api_endpoints" name="test_priority_map_loaded" time="0.129" /><testcase classname="tests.api.test_api_endpoints" name="test_locations" time="0.034" /><testcase classname="tests.api.test_api_endpoints" name="test_candidates_smoke" time="0.023" /><testcase classname="tests.api.test_api_endpoints" name="test_solve_multi_heuristic" time="0.042" /><testcase classname="tests.integration.test_cascade_logic.TestCascadeLogic" name="test_cascade_priority_filtering" time="0.035" /><testcase classname="tests.integration.test_cascade_logic.TestCascadeLogic" name="test_cascade_cost_accumulation" time="0.035" /><testcase classname="tests.integration.test_cascade_logic.TestCascadeLogic" name="test_realistic_rsl_scenario" time="0.034" /><testcase classname="tests.integration.test_cuopt_integration.TestCuOptIntegration" name="test_cuopt_direct_api_call" time="0.000"><skipped type="pytest.skip" message="cuOpt server not available">/mnt/c/Users/ellag/Desktop/ML Course/demo_deploy/demo_deploy/tests/integration/test_cuopt_integration.py:205: cuOpt server not available</skipped></testcase><testcase classname="tests.performance.test_performance_edge_cases.TestPerformanceAndEdgeCases" name="test_large_driver_fleet_performance" time="0.033" /><testcase classname="tests.performance.test_performance_edge_cases.TestPerformanceAndEdgeCases" name="test_concurrent_request_handling" time="0.049" /><testcase classname="tests.performance.test_performance_edge_cases.TestPerformanceAndEdgeCases" name="test_invalid_location_handling" time="0.044" /><testcase classname="tests.performance.test_performance_edge_cases.TestPerformanceAndEdgeCases" name="test_extreme_datetime_values" time="0.039" /><testcase classname="tests.performance.test_performance_edge_cases.TestPerformanceAndEdgeCases" name="test_memory_usage_large_matrices" time="0.028" /><testcase classname="tests.performance.test_performance_edge_cases.TestPerformanceAndEdgeCases" name="test_zero_duration_trips" time="0.026" /><testcase classname="tests.performance.test_performance_edge_cases.TestPerformanceAndEdgeCases" name="test_cuopt_server_unavailable" time="0.027" /><testcase classname="tests.unit.test_candidates" name="test_generate_candidates_minimum_smoke" time="0.002" /><testcase classname="tests.unit.test_cascade_helpers" name="test_leg_helpers_smoke" time="0.006" /><testcase classname="tests.unit.test_cost_calculations.TestCostCalculations" name="test_outsourcing_cost_calculation" time="0.025" /><testcase classname="tests.unit.test_cost_calculations.TestCostCalculations" name="test_sla_penalty_cost_calculation" time="0.025" /><testcase classname="tests.unit.test_cost_calculations.TestCostCalculations" name="test_cost_config_environment_override" time="0.008" /><testcase classname="tests.unit.test_cost_calculations.TestCostCalculations" name="test_multi_solution_cost_comparison" time="0.023" /><testcase classname="tests.unit.test_cost_calculations.TestCostCalculations" name="test_deadhead_cost_calculation" time="0.002" /><testcase classname="tests.unit.test_cost_calculations.TestCostCalculations" name="test_overtime_cost_calculation" time="0.002" /><testcase classname="tests.unit.test_cuopt_adapter" name="test_cuopt_adapter_solve_ok" time="0.006" /><testcase classname="tests.unit.test_schedule_diff" name="test_compute_before_after_schedules_exists" time="0.007" /><testcase classname="tests.unit.test_time_helpers" name="test_weekday_from_local_label" time="0.002" /></testsuite></testsuites>