<?xml version="1.0" encoding="utf-8"?><testsuites name="pytest tests"><testsuite name="pytest" errors="0" failures="2" skipped="0" tests="32" time="12.881" timestamp="2025-09-09T21:40:22.322271+01:00" hostname="Megan"><testcase classname="tests.api.test_api_endpoints" name="test_priority_map_loaded" time="0.190" /><testcase classname="tests.api.test_api_endpoints" name="test_locations" time="0.040" /><testcase classname="tests.api.test_api_endpoints" name="test_candidates_smoke" time="0.027" /><testcase classname="tests.api.test_api_endpoints" name="test_solve_multi_heuristic" time="0.048" /><testcase classname="tests.integration.test_cascade_logic.TestCascadeLogic" name="test_cascade_priority_filtering" time="0.036" /><testcase classname="tests.integration.test_cascade_logic.TestCascadeLogic" name="test_cascade_cost_accumulation" time="0.037" /><testcase classname="tests.integration.test_cascade_logic.TestCascadeLogic" name="test_realistic_rsl_scenario" time="0.046" /><testcase classname="tests.integration.test_cuopt_integration.TestCuOptIntegration" name="test_cuopt_solver_discovery_endpoints" time="0.008" /><testcase classname="tests.integration.test_cuopt_integration.TestCuOptIntegration" name="test_cuopt_fallback_endpoints" time="0.003" /><testcase classname="tests.integration.test_cuopt_integration.TestCuOptIntegration" name="test_cuopt_async_request_poll_pattern" time="0.002"><failure message="AttributeError: 'CuOptModel' object has no attribute '_request_and_poll'">tests/integration/test_cuopt_integration.py:94: in test_cuopt_async_request_poll_pattern
    result = model._request_and_poll({"test": "payload"})
E   AttributeError: 'CuOptModel' object has no attribute '_request_and_poll'</failure></testcase><testcase classname="tests.integration.test_cuopt_integration.TestCuOptIntegration" name="test_cuopt_payload_generation" time="0.003" /><testcase classname="tests.integration.test_cuopt_integration.TestCuOptIntegration" name="test_cuopt_solution_extraction" time="0.003" /><testcase classname="tests.integration.test_cuopt_integration.TestCuOptIntegration" name="test_cuopt_end_to_end_with_real_server" time="10.051" /><testcase classname="tests.integration.test_cuopt_integration.TestCuOptIntegration" name="test_cuopt_direct_api_call" time="0.004"><failure message="Failed: Direct cuOpt API call failed: 404 Client Error: Not Found for url: http://localhost:5000/solve">tests/integration/test_cuopt_integration.py:288: in test_cuopt_direct_api_call
    result = solve_with_cuopt(cuopt_server_url, payload, timeout=30)
src/plan/cuopt_adapter.py:202: in solve_with_cuopt
    r.raise_for_status()
/home/elsabella/.local/lib/python3.10/site-packages/requests/models.py:1026: in raise_for_status
    raise HTTPError(http_error_msg, response=self)
E   requests.exceptions.HTTPError: 404 Client Error: Not Found for url: http://localhost:5000/solve

During handling of the above exception, another exception occurred:
tests/integration/test_cuopt_integration.py:299: in test_cuopt_direct_api_call
    pytest.fail(f"Direct cuOpt API call failed: {e}")
E   Failed: Direct cuOpt API call failed: 404 Client Error: Not Found for url: http://localhost:5000/solve</failure></testcase><testcase classname="tests.performance.test_performance_edge_cases.TestPerformanceAndEdgeCases" name="test_large_driver_fleet_performance" time="0.033" /><testcase classname="tests.performance.test_performance_edge_cases.TestPerformanceAndEdgeCases" name="test_concurrent_request_handling" time="0.053" /><testcase classname="tests.performance.test_performance_edge_cases.TestPerformanceAndEdgeCases" name="test_invalid_location_handling" time="0.059" /><testcase classname="tests.performance.test_performance_edge_cases.TestPerformanceAndEdgeCases" name="test_extreme_datetime_values" time="0.043" /><testcase classname="tests.performance.test_performance_edge_cases.TestPerformanceAndEdgeCases" name="test_memory_usage_large_matrices" time="0.028" /><testcase classname="tests.performance.test_performance_edge_cases.TestPerformanceAndEdgeCases" name="test_zero_duration_trips" time="0.025" /><testcase classname="tests.performance.test_performance_edge_cases.TestPerformanceAndEdgeCases" name="test_cuopt_server_unavailable" time="0.026" /><testcase classname="tests.unit.test_candidates" name="test_generate_candidates_minimum_smoke" time="0.002" /><testcase classname="tests.unit.test_cascade_helpers" name="test_leg_helpers_smoke" time="0.006" /><testcase classname="tests.unit.test_cost_calculations.TestCostCalculations" name="test_outsourcing_cost_calculation" time="0.025" /><testcase classname="tests.unit.test_cost_calculations.TestCostCalculations" name="test_sla_penalty_cost_calculation" time="0.023" /><testcase classname="tests.unit.test_cost_calculations.TestCostCalculations" name="test_cost_config_environment_override" time="0.006" /><testcase classname="tests.unit.test_cost_calculations.TestCostCalculations" name="test_multi_solution_cost_comparison" time="0.023" /><testcase classname="tests.unit.test_cost_calculations.TestCostCalculations" name="test_deadhead_cost_calculation" time="0.002" /><testcase classname="tests.unit.test_cost_calculations.TestCostCalculations" name="test_overtime_cost_calculation" time="0.002" /><testcase classname="tests.unit.test_cuopt_adapter" name="test_cuopt_adapter_solve_ok" time="0.002" /><testcase classname="tests.unit.test_schedule_diff" name="test_compute_before_after_schedules_exists" time="0.006" /><testcase classname="tests.unit.test_time_helpers" name="test_weekday_from_local_label" time="0.002" /></testsuite></testsuites>